<?xml version="1.0" encoding="utf-8" ?>
<!DOCTYPE html PUBLIC "-//W3C//DTD XHTML 1.0 Strict//EN"
        "http://www.w3.org/TR/xhtml1/DTD/xhtml1-strict.dtd">
<html xmlns="http://www.w3.org/1999/xhtml" xml:lang="" lang="">
<head>
  <title>Test Results Report - Firefox Test</title>
  <meta http-equiv="Content-Type" content="text/html;charset=utf-8" />
  <meta name="description" content="TestNG unit test results." />
  <link href="reportng.css" rel="stylesheet" type="text/css" />
    <script type="text/javascript" src="reportng.js"></script>
</head>
<body>
<h1>Firefox Test</h1>
<p>
  Test duration: 0.300s
</p>



  <table class="resultsTable">
    <tr><th colspan="3" class="header failed">Failed Tests</th></tr>
          <tr>
        <td colspan="3" class="group">com.w2a.TestCases.BankManagerLogin</td>
      </tr>
            
<tr>
  <td class="method">
                  loginAsBankManager
      </td>
  <td class="duration">
    0.289s
  </td>
  <td class="result">
        
    
        

        <a href="javascript:toggleElement('exception-0', 'block')" title="Click to expand/collapse"><b>org.openqa.selenium.WebDriverException: Returned value cannot be converted to WebElement: {stacktrace=Backtrace:<br/>
	Ordinal0 [0x00E41B43+1448771]<br/>
	Ordinal0 [0x00DC5A31+940593]<br/>
	Ordinal0 [0x00D5213C+467260]<br/>
	Ordinal0 [0x00CF092B+67883]<br/>
	Ordinal0 [0x00CF1990+72080]<br/>
	Ordinal0 [0x00CF1929+71977]<br/>
	GetHandleVerifier [0x00F82E8C+1172172]<br/>
	GetHandleVerifier [0x00EDFE55+504469]<br/>
	GetHandleVerifier [0x00EDFBF0+503856]<br/>
	Ordinal0 [0x00E4C9C8+1493448]<br/>
	GetHandleVerifier [0x00EE062A+506474]<br/>
	Ordinal0 [0x00DD7156+1012054]<br/>
	Ordinal0 [0x00DD6FCF+1011663]<br/>
	Ordinal0 [0x00DE135B+1053531]<br/>
	Ordinal0 [0x00DE14C3+1053891]<br/>
	Ordinal0 [0x00DE04F5+1049845]<br/>
	BaseThreadInitThunk [0x773F6A14+36]<br/>
	RtlInitializeExceptionChain [0x77D1AD8F+143]<br/>
	RtlInitializeExceptionChain [0x77D1AD5A+90]<br/>
, error=invalid session id, message=invalid session id}<br/>
Build info: version: &apos;2.53.0&apos;, revision: &apos;35ae25b&apos;, time: &apos;2016-03-15 16:57:40&apos;<br/>
System info: host: &apos;Panchhi&apos;, ip: &apos;192.168.0.39&apos;, os.name: &apos;Windows 8.1&apos;, os.arch: &apos;amd64&apos;, os.version: &apos;6.3&apos;, java.version: &apos;1.8.0_211&apos;<br/>
Driver info: driver.version: RemoteWebDriver</b></a><br />
    <div class="stackTrace" id="exception-0">
              org.openqa.selenium.remote.RemoteWebDriver.findElement(RemoteWebDriver.java:370)<br />
              org.openqa.selenium.remote.RemoteWebDriver.findElementByCssSelector(RemoteWebDriver.java:492)<br />
              org.openqa.selenium.By$ByCssSelector.findElement(By.java:430)<br />
              org.openqa.selenium.remote.RemoteWebDriver.findElement(RemoteWebDriver.java:355)<br />
              com.w2a.TestCases.BankManagerLogin.loginAsBankManager(BankManagerLogin.java:17)<br />
              sun.reflect.NativeMethodAccessorImpl.invoke0(Native Method)<br />
              sun.reflect.NativeMethodAccessorImpl.invoke(Unknown Source)<br />
              sun.reflect.DelegatingMethodAccessorImpl.invoke(Unknown Source)<br />
              java.lang.reflect.Method.invoke(Unknown Source)<br />
              org.testng.internal.MethodInvocationHelper.invokeMethod(MethodInvocationHelper.java:85)<br />
              org.testng.internal.Invoker.invokeMethod(Invoker.java:639)<br />
              org.testng.internal.Invoker.invokeTestMethod(Invoker.java:816)<br />
              org.testng.internal.Invoker.invokeTestMethods(Invoker.java:1124)<br />
              org.testng.internal.TestMethodWorker.invokeTestMethods(TestMethodWorker.java:125)<br />
              org.testng.internal.TestMethodWorker.run(TestMethodWorker.java:108)<br />
              java.util.concurrent.ThreadPoolExecutor.runWorker(Unknown Source)<br />
              java.util.concurrent.ThreadPoolExecutor$Worker.run(Unknown Source)<br />
              java.lang.Thread.run(Unknown Source)<br />
                    <b>Caused by: </b> <a href="javascript:toggleElement('exception-1', 'block')" title="Click to expand/collapse">java.lang.ClassCastException: com.google.common.collect.Maps$TransformedEntriesMap cannot be cast to org.openqa.selenium.WebElement</a><br />
        <div class="stackTrace" id="exception-1">
                      org.openqa.selenium.remote.RemoteWebDriver.findElement(RemoteWebDriver.java:368)<br />
                      org.openqa.selenium.remote.RemoteWebDriver.findElementByCssSelector(RemoteWebDriver.java:492)<br />
                      org.openqa.selenium.By$ByCssSelector.findElement(By.java:430)<br />
                      org.openqa.selenium.remote.RemoteWebDriver.findElement(RemoteWebDriver.java:355)<br />
                      com.w2a.TestCases.BankManagerLogin.loginAsBankManager(BankManagerLogin.java:17)<br />
                      sun.reflect.NativeMethodAccessorImpl.invoke0(Native Method)<br />
                      sun.reflect.NativeMethodAccessorImpl.invoke(Unknown Source)<br />
                      sun.reflect.DelegatingMethodAccessorImpl.invoke(Unknown Source)<br />
                      java.lang.reflect.Method.invoke(Unknown Source)<br />
                      org.testng.internal.MethodInvocationHelper.invokeMethod(MethodInvocationHelper.java:85)<br />
                      org.testng.internal.Invoker.invokeMethod(Invoker.java:639)<br />
                      org.testng.internal.Invoker.invokeTestMethod(Invoker.java:816)<br />
                      org.testng.internal.Invoker.invokeTestMethods(Invoker.java:1124)<br />
                      org.testng.internal.TestMethodWorker.invokeTestMethods(TestMethodWorker.java:125)<br />
                      org.testng.internal.TestMethodWorker.run(TestMethodWorker.java:108)<br />
                      java.util.concurrent.ThreadPoolExecutor.runWorker(Unknown Source)<br />
                      java.util.concurrent.ThreadPoolExecutor$Worker.run(Unknown Source)<br />
                      java.lang.Thread.run(Unknown Source)<br />
                  </div>
          </div>
      </td>
</tr>
      </table>

  <table class="resultsTable" width="100%">
    <tr><th colspan="3" class="header skipped">Skipped Tests</th></tr>
          <tr>
        <td colspan="3" class="group">com.w2a.TestCases.AddCustomerTest</td>
      </tr>
            
<tr>
  <td class="method">
                  addNewCustomer
      </td>
  <td class="duration">
    0.000s
  </td>
  <td class="result">
                       <i>Depends on group(s): </i>
        <span class="dependency">BankManagerLogin.loginAsBankManager</span>
        <br />
                      
    
        

      </td>
</tr>
      </table>

  <table class="resultsTable">
    <tr><th colspan="3" class="header passed">Passed Tests</th></tr>
          <tr>
        <td colspan="3" class="group">com.w2a.TestCases.AddCustomerTest</td>
      </tr>
            
<tr>
  <td class="method">
                  browserSetUp
      </td>
  <td class="duration">
    0.003s
  </td>
  <td class="result">
        
          <i>Method arguments: </i><span class="arguments">"firefox"</span><br />
    
        

      </td>
</tr>
          <tr>
        <td colspan="3" class="group">com.w2a.TestCases.BankManagerLogin</td>
      </tr>
            
<tr>
  <td class="method">
                  browserSetUp
      </td>
  <td class="duration">
    0.004s
  </td>
  <td class="result">
        
          <i>Method arguments: </i><span class="arguments">"firefox"</span><br />
    
        

      </td>
</tr>
          <tr>
        <td colspan="3" class="group">com.w2a.base.TestBase</td>
      </tr>
            
<tr>
  <td class="method">
                  browserSetUp
      </td>
  <td class="duration">
    0.004s
  </td>
  <td class="result">
        
          <i>Method arguments: </i><span class="arguments">"firefox"</span><br />
    
        

      </td>
</tr>
      </table>
  
</body>
</html>
