<html>
<head>
<title>TestNG:  Firefox Test</title>
<link href="../testng.css" rel="stylesheet" type="text/css" />
<link href="../my-testng.css" rel="stylesheet" type="text/css" />

<style type="text/css">
.log { display: none;} 
.stack-trace { display: none;} 
</style>
<script type="text/javascript">
<!--
function flip(e) {
  current = e.style.display;
  if (current == 'block') {
    e.style.display = 'none';
    return 0;
  }
  else {
    e.style.display = 'block';
    return 1;
  }
}

function toggleBox(szDivId, elem, msg1, msg2)
{
  var res = -1;  if (document.getElementById) {
    res = flip(document.getElementById(szDivId));
  }
  else if (document.all) {
    // this is the way old msie versions work
    res = flip(document.all[szDivId]);
  }
  if(elem) {
    if(res == 0) elem.innerHTML = msg1; else elem.innerHTML = msg2;
  }

}

function toggleAllBoxes() {
  if (document.getElementsByTagName) {
    d = document.getElementsByTagName('div');
    for (i = 0; i < d.length; i++) {
      if (d[i].className == 'log') {
        flip(d[i]);
      }
    }
  }
}

// -->
</script>

</head>
<body>
<h2 align='center'>Firefox Test</h2><table border='1' align="center">
<tr>
<td>Tests passed/Failed/Skipped:</td><td>3/1/1</td>
</tr><tr>
<td>Started on:</td><td>Fri Aug 09 19:35:56 IST 2019</td>
</tr>
<tr><td>Total time:</td><td>0 seconds (402 ms)</td>
</tr><tr>
<td>Included groups:</td><td></td>
</tr><tr>
<td>Excluded groups:</td><td></td>
</tr>
</table><p/>
<small><i>(Hover the method name to see the test class name)</i></small><p/>
<table width='100%' border='1' class='invocation-failed'>
<tr><td colspan='4' align='center'><b>FAILED TESTS</b></td></tr>
<tr><td><b>Test method</b></td>
<td width="30%"><b>Exception</b></td>
<td width="10%"><b>Time (seconds)</b></td>
<td><b>Instance</b></td>
</tr>
<tr>
<td title='com.w2a.TestCases.BankManagerLogin.loginAsBankManager()'><b>loginAsBankManager</b><br>Test class: com.w2a.TestCases.BankManagerLogin</td>
<td><div><pre>org.openqa.selenium.WebDriverException: Returned value cannot be converted to WebElement: {stacktrace=Backtrace:
	Ordinal0 [0x00E41B43+1448771]
	Ordinal0 [0x00DC5A31+940593]
	Ordinal0 [0x00D5213C+467260]
	Ordinal0 [0x00CF092B+67883]
	Ordinal0 [0x00CF1990+72080]
	Ordinal0 [0x00CF1929+71977]
	GetHandleVerifier [0x00F82E8C+1172172]
	GetHandleVerifier [0x00EDFE55+504469]
	GetHandleVerifier [0x00EDFBF0+503856]
	Ordinal0 [0x00E4C9C8+1493448]
	GetHandleVerifier [0x00EE062A+506474]
	Ordinal0 [0x00DD7156+1012054]
	Ordinal0 [0x00DD6FCF+1011663]
	Ordinal0 [0x00DE135B+1053531]
	Ordinal0 [0x00DE14C3+1053891]
	Ordinal0 [0x00DE04F5+1049845]
	BaseThreadInitThunk [0x773F6A14+36]
	RtlInitializeExceptionChain [0x77D1AD8F+143]
	RtlInitializeExceptionChain [0x77D1AD5A+90]
, error=invalid session id, message=invalid session id}
Build info: version: &apos;2.53.0&apos;, revision: &apos;35ae25b&apos;, time: &apos;2016-03-15 16:57:40&apos;
System info: host: &apos;Panchhi&apos;, ip: &apos;192.168.0.39&apos;, os.name: &apos;Windows 8.1&apos;, os.arch: &apos;amd64&apos;, os.version: &apos;6.3&apos;, java.version: &apos;1.8.0_211&apos;
Driver info: driver.version: RemoteWebDriver
	at org.openqa.selenium.remote.RemoteWebDriver.findElement(RemoteWebDriver.java:370)
	at org.openqa.selenium.remote.RemoteWebDriver.findElementByCssSelector(RemoteWebDriver.java:492)
	at org.openqa.selenium.By$ByCssSelector.findElement(By.java:430)
	at org.openqa.selenium.remote.RemoteWebDriver.findElement(RemoteWebDriver.java:355)
	at com.w2a.TestCases.BankManagerLogin.loginAsBankManager(BankManagerLogin.java:17)
	at java.util.concurrent.ThreadPoolExecutor.runWorker(Unknown Source)
	at java.util.concurrent.ThreadPoolExecutor$Worker.run(Unknown Source)
	at java.lang.Thread.run(Unknown Source)
Caused by: java.lang.ClassCastException: com.google.common.collect.Maps$TransformedEntriesMap cannot be cast to org.openqa.selenium.WebElement
	at org.openqa.selenium.remote.RemoteWebDriver.findElement(RemoteWebDriver.java:368)
	... 17 more
... Removed 10 stack frames</pre></div><a href='#' onClick='toggleBox("stack-trace1797858932", this, "Click to show all stack frames", "Click to hide stack frames")'>Click to show all stack frames</a>
<div class='stack-trace' id='stack-trace1797858932'><pre>org.openqa.selenium.WebDriverException: Returned value cannot be converted to WebElement: {stacktrace=Backtrace:
	Ordinal0 [0x00E41B43+1448771]
	Ordinal0 [0x00DC5A31+940593]
	Ordinal0 [0x00D5213C+467260]
	Ordinal0 [0x00CF092B+67883]
	Ordinal0 [0x00CF1990+72080]
	Ordinal0 [0x00CF1929+71977]
	GetHandleVerifier [0x00F82E8C+1172172]
	GetHandleVerifier [0x00EDFE55+504469]
	GetHandleVerifier [0x00EDFBF0+503856]
	Ordinal0 [0x00E4C9C8+1493448]
	GetHandleVerifier [0x00EE062A+506474]
	Ordinal0 [0x00DD7156+1012054]
	Ordinal0 [0x00DD6FCF+1011663]
	Ordinal0 [0x00DE135B+1053531]
	Ordinal0 [0x00DE14C3+1053891]
	Ordinal0 [0x00DE04F5+1049845]
	BaseThreadInitThunk [0x773F6A14+36]
	RtlInitializeExceptionChain [0x77D1AD8F+143]
	RtlInitializeExceptionChain [0x77D1AD5A+90]
, error=invalid session id, message=invalid session id}
Build info: version: &apos;2.53.0&apos;, revision: &apos;35ae25b&apos;, time: &apos;2016-03-15 16:57:40&apos;
System info: host: &apos;Panchhi&apos;, ip: &apos;192.168.0.39&apos;, os.name: &apos;Windows 8.1&apos;, os.arch: &apos;amd64&apos;, os.version: &apos;6.3&apos;, java.version: &apos;1.8.0_211&apos;
Driver info: driver.version: RemoteWebDriver
	at org.openqa.selenium.remote.RemoteWebDriver.findElement(RemoteWebDriver.java:370)
	at org.openqa.selenium.remote.RemoteWebDriver.findElementByCssSelector(RemoteWebDriver.java:492)
	at org.openqa.selenium.By$ByCssSelector.findElement(By.java:430)
	at org.openqa.selenium.remote.RemoteWebDriver.findElement(RemoteWebDriver.java:355)
	at com.w2a.TestCases.BankManagerLogin.loginAsBankManager(BankManagerLogin.java:17)
	at sun.reflect.NativeMethodAccessorImpl.invoke0(Native Method)
	at sun.reflect.NativeMethodAccessorImpl.invoke(Unknown Source)
	at sun.reflect.DelegatingMethodAccessorImpl.invoke(Unknown Source)
	at java.lang.reflect.Method.invoke(Unknown Source)
	at org.testng.internal.MethodInvocationHelper.invokeMethod(MethodInvocationHelper.java:85)
	at org.testng.internal.Invoker.invokeMethod(Invoker.java:639)
	at org.testng.internal.Invoker.invokeTestMethod(Invoker.java:816)
	at org.testng.internal.Invoker.invokeTestMethods(Invoker.java:1124)
	at org.testng.internal.TestMethodWorker.invokeTestMethods(TestMethodWorker.java:125)
	at org.testng.internal.TestMethodWorker.run(TestMethodWorker.java:108)
	at java.util.concurrent.ThreadPoolExecutor.runWorker(Unknown Source)
	at java.util.concurrent.ThreadPoolExecutor$Worker.run(Unknown Source)
	at java.lang.Thread.run(Unknown Source)
Caused by: java.lang.ClassCastException: com.google.common.collect.Maps$TransformedEntriesMap cannot be cast to org.openqa.selenium.WebElement
	at org.openqa.selenium.remote.RemoteWebDriver.findElement(RemoteWebDriver.java:368)
	... 17 more
</pre></div></td>
<td>0</td>
<td>com.w2a.TestCases.BankManagerLogin@12468a38</td></tr>
</table><p>
<table width='100%' border='1' class='invocation-passed'>
<tr><td colspan='4' align='center'><b>PASSED TESTS</b></td></tr>
<tr><td><b>Test method</b></td>
<td width="30%"><b>Exception</b></td>
<td width="10%"><b>Time (seconds)</b></td>
<td><b>Instance</b></td>
</tr>
<tr>
<td title='com.w2a.TestCases.AddCustomerTest.browserSetUp()'><b>browserSetUp</b><br>Test class: com.w2a.TestCases.AddCustomerTest<br>Parameters: firefox</td>
<td></td>
<td>0</td>
<td>com.w2a.TestCases.AddCustomerTest@9f116cc</td></tr>
<tr>
<td title='com.w2a.base.TestBase.browserSetUp()'><b>browserSetUp</b><br>Test class: com.w2a.base.TestBase<br>Parameters: firefox</td>
<td></td>
<td>0</td>
<td>com.w2a.base.TestBase@67d48005</td></tr>
<tr>
<td title='com.w2a.TestCases.BankManagerLogin.browserSetUp()'><b>browserSetUp</b><br>Test class: com.w2a.TestCases.BankManagerLogin<br>Parameters: firefox</td>
<td></td>
<td>0</td>
<td>com.w2a.TestCases.BankManagerLogin@12468a38</td></tr>
</table><p>
<table width='100%' border='1' class='invocation-skipped'>
<tr><td colspan='4' align='center'><b>SKIPPED TESTS</b></td></tr>
<tr><td><b>Test method</b></td>
<td width="30%"><b>Exception</b></td>
<td width="10%"><b>Time (seconds)</b></td>
<td><b>Instance</b></td>
</tr>
<tr>
<td title='com.w2a.TestCases.AddCustomerTest.addNewCustomer()'><b>addNewCustomer</b><br>Test class: com.w2a.TestCases.AddCustomerTest</td>
<td><div><pre>java.lang.Throwable: Method AddCustomerTest.addNewCustomer(java.lang.String, java.lang.String, java.lang.String)[pri:0, instance:com.w2a.TestCases.AddCustomerTest@9f116cc] depends on not successfully finished methods in group &quot;BankManagerLogin.loginAsBankManager&quot;
	at java.util.concurrent.ThreadPoolExecutor.runWorker(Unknown Source)
	at java.util.concurrent.ThreadPoolExecutor$Worker.run(Unknown Source)
	at java.lang.Thread.run(Unknown Source)
... Removed 3 stack frames</pre></div><a href='#' onClick='toggleBox("stack-trace508781377", this, "Click to show all stack frames", "Click to hide stack frames")'>Click to show all stack frames</a>
<div class='stack-trace' id='stack-trace508781377'><pre>java.lang.Throwable: Method AddCustomerTest.addNewCustomer(java.lang.String, java.lang.String, java.lang.String)[pri:0, instance:com.w2a.TestCases.AddCustomerTest@9f116cc] depends on not successfully finished methods in group &quot;BankManagerLogin.loginAsBankManager&quot;
	at org.testng.internal.Invoker.invokeTestMethods(Invoker.java:1033)
	at org.testng.internal.TestMethodWorker.invokeTestMethods(TestMethodWorker.java:125)
	at org.testng.internal.TestMethodWorker.run(TestMethodWorker.java:108)
	at java.util.concurrent.ThreadPoolExecutor.runWorker(Unknown Source)
	at java.util.concurrent.ThreadPoolExecutor$Worker.run(Unknown Source)
	at java.lang.Thread.run(Unknown Source)
</pre></div></td>
<td>0</td>
<td>null</td></tr>
</table><p>
</body>
</html>